2022/07/25 09:29:54 s3 Error This is a test log entry 0
2022/07/25 09:29:54 s3 Debug This is a test log entry 1
2022/07/25 09:29:54 s3 Success This is a test log entry 2
2022/07/25 09:29:54 s3 Critical This is a test log entry 3
2022/07/25 09:29:54 s3 Debug This is a test log entry 4
2022/07/25 09:29:54 s3 Warn This is a test log entry 5
2022/07/25 09:29:54 s3 Debug This is a test log entry 6
2022/07/25 09:29:54 s3 Critical This is a test log entry 7
2022/07/25 09:29:54 s3 Debug This is a test log entry 8
2022/07/25 09:29:54 s3 Critical This is a test log entry 9
2022/07/25 09:29:54 s3 Critical This is a test log entry 10
2022/07/25 09:29:54 s3 Debug This is a test log entry 11
2022/07/25 09:29:54 s3 Error This is a test log entry 12
2022/07/25 09:29:54 s3 Critical This is a test log entry 13
2022/07/25 09:29:54 s3 Warn This is a test log entry 14
2022/07/25 09:29:54 s3 Debug This is a test log entry 15
2022/07/25 09:29:54 s3 Critical This is a test log entry 16
2022/07/25 09:29:54 s3 Success This is a test log entry 17
2022/07/25 09:29:54 s3 Warn This is a test log entry 18
2022/07/25 09:29:54 s3 Error This is a test log entry 19
